  Ui.cpp
C:\Program Files\Microsoft Visual Studio\2022\Community\VC\Tools\MSVC\14.41.34120\include\filesystem(12): warning STL4038: The contents of <filesystem> are available only with C++17 or later.
C:\Vault\0_Personal\buas\game-practice\buasAssignment\Classes\Mechanics\Ui.cpp(20,21): warning C4305: 'argument': truncation from 'double' to 'float'
C:\Vault\0_Personal\buas\game-practice\buasAssignment\Classes\Mechanics\Ui.cpp(20,16): warning C4305: 'argument': truncation from 'double' to 'float'
C:\Vault\0_Personal\buas\game-practice\buasAssignment\Classes\Mechanics\Ui.cpp(33,25): warning C4305: 'argument': truncation from 'double' to 'float'
C:\Vault\0_Personal\buas\game-practice\buasAssignment\Classes\Mechanics\Ui.cpp(33,20): warning C4305: 'argument': truncation from 'double' to 'float'
C:\Vault\0_Personal\buas\game-practice\buasAssignment\Classes\Mechanics\Ui.cpp(121,57): warning C4244: 'argument': conversion from 'float' to 'sf::Uint8', possible loss of data
C:\Vault\0_Personal\buas\game-practice\buasAssignment\Classes\Mechanics\Ui.cpp(122,57): warning C4244: 'argument': conversion from 'float' to 'sf::Uint8', possible loss of data
C:\Vault\0_Personal\buas\game-practice\buasAssignment\Classes\Mechanics\Ui.cpp(123,57): warning C4244: 'argument': conversion from 'float' to 'sf::Uint8', possible loss of data
C:\Vault\0_Personal\buas\game-practice\buasAssignment\Classes\Mechanics\Ui.cpp(124,53): warning C4244: 'argument': conversion from 'float' to 'sf::Uint8', possible loss of data
C:\Vault\0_Personal\buas\game-practice\buasAssignment\Classes\Mechanics\Ui.cpp(125,59): warning C4244: 'argument': conversion from 'float' to 'sf::Uint8', possible loss of data
sfml-system-s-d.lib(String.obj) : warning LNK4099: PDB '' was not found with 'sfml-system-s-d.lib(String.obj)' or at ''; linking object as if no debug info
sfml-window-s-d.lib(GlContext.obj) : warning LNK4099: PDB '' was not found with 'sfml-window-s-d.lib(GlContext.obj)' or at ''; linking object as if no debug info
sfml-window-s-d.lib(JoystickManager.obj) : warning LNK4099: PDB '' was not found with 'sfml-window-s-d.lib(JoystickManager.obj)' or at ''; linking object as if no debug info
sfml-window-s-d.lib(VideoMode.obj) : warning LNK4099: PDB '' was not found with 'sfml-window-s-d.lib(VideoMode.obj)' or at ''; linking object as if no debug info
sfml-window-s-d.lib(WindowImpl.obj) : warning LNK4099: PDB '' was not found with 'sfml-window-s-d.lib(WindowImpl.obj)' or at ''; linking object as if no debug info
sfml-window-s-d.lib(JoystickImpl.obj) : warning LNK4099: PDB '' was not found with 'sfml-window-s-d.lib(JoystickImpl.obj)' or at ''; linking object as if no debug info
sfml-window-s-d.lib(WglContext.obj) : warning LNK4099: PDB '' was not found with 'sfml-window-s-d.lib(WglContext.obj)' or at ''; linking object as if no debug info
sfml-graphics-s-d.lib(Font.obj) : warning LNK4099: PDB '' was not found with 'sfml-graphics-s-d.lib(Font.obj)' or at ''; linking object as if no debug info
sfml-graphics-s-d.lib(Glsl.obj) : warning LNK4099: PDB '' was not found with 'sfml-graphics-s-d.lib(Glsl.obj)' or at ''; linking object as if no debug info
sfml-graphics-s-d.lib(GLCheck.obj) : warning LNK4099: PDB '' was not found with 'sfml-graphics-s-d.lib(GLCheck.obj)' or at ''; linking object as if no debug info
sfml-graphics-s-d.lib(Image.obj) : warning LNK4099: PDB '' was not found with 'sfml-graphics-s-d.lib(Image.obj)' or at ''; linking object as if no debug info
sfml-graphics-s-d.lib(ImageLoader.obj) : warning LNK4099: PDB '' was not found with 'sfml-graphics-s-d.lib(ImageLoader.obj)' or at ''; linking object as if no debug info
sfml-graphics-s-d.lib(RenderTarget.obj) : warning LNK4099: PDB '' was not found with 'sfml-graphics-s-d.lib(RenderTarget.obj)' or at ''; linking object as if no debug info
sfml-graphics-s-d.lib(Shader.obj) : warning LNK4099: PDB '' was not found with 'sfml-graphics-s-d.lib(Shader.obj)' or at ''; linking object as if no debug info
sfml-graphics-s-d.lib(RenderTextureImplFBO.obj) : warning LNK4099: PDB '' was not found with 'sfml-graphics-s-d.lib(RenderTextureImplFBO.obj)' or at ''; linking object as if no debug info
  buasAssignment.vcxproj -> C:\Vault\0_Personal\buas\game-practice\buasAssignment\x64\Debug\buasAssignment.exe
