  Enemy.cpp
  EnemyController.cpp
C:\Vault\0_Personal\buas\game-practice\buasAssignment\Classes\Mechanics\EnemyController.cpp(21,14): warning C4244: 'initializing': conversion from 'T' to 'int', possible loss of data
C:\Vault\0_Personal\buas\game-practice\buasAssignment\Classes\Mechanics\EnemyController.cpp(21,14): warning C4244:         with
C:\Vault\0_Personal\buas\game-practice\buasAssignment\Classes\Mechanics\EnemyController.cpp(21,14): warning C4244:         [
C:\Vault\0_Personal\buas\game-practice\buasAssignment\Classes\Mechanics\EnemyController.cpp(21,14): warning C4244:             T=float
C:\Vault\0_Personal\buas\game-practice\buasAssignment\Classes\Mechanics\EnemyController.cpp(21,14): warning C4244:         ]
C:\Vault\0_Personal\buas\game-practice\buasAssignment\Classes\Mechanics\EnemyController.cpp(22,14): warning C4244: 'initializing': conversion from 'T' to 'int', possible loss of data
C:\Vault\0_Personal\buas\game-practice\buasAssignment\Classes\Mechanics\EnemyController.cpp(22,14): warning C4244:         with
C:\Vault\0_Personal\buas\game-practice\buasAssignment\Classes\Mechanics\EnemyController.cpp(22,14): warning C4244:         [
C:\Vault\0_Personal\buas\game-practice\buasAssignment\Classes\Mechanics\EnemyController.cpp(22,14): warning C4244:             T=float
C:\Vault\0_Personal\buas\game-practice\buasAssignment\Classes\Mechanics\EnemyController.cpp(22,14): warning C4244:         ]
C:\Vault\0_Personal\buas\game-practice\buasAssignment\Classes\Mechanics\EnemyController.cpp(28,50): warning C4244: 'argument': conversion from 'int' to 'T', possible loss of data
C:\Vault\0_Personal\buas\game-practice\buasAssignment\Classes\Mechanics\EnemyController.cpp(28,50): warning C4244:         with
C:\Vault\0_Personal\buas\game-practice\buasAssignment\Classes\Mechanics\EnemyController.cpp(28,50): warning C4244:         [
C:\Vault\0_Personal\buas\game-practice\buasAssignment\Classes\Mechanics\EnemyController.cpp(28,50): warning C4244:             T=float
C:\Vault\0_Personal\buas\game-practice\buasAssignment\Classes\Mechanics\EnemyController.cpp(28,50): warning C4244:         ]
C:\Vault\0_Personal\buas\game-practice\buasAssignment\Classes\Mechanics\EnemyController.cpp(33,55): warning C4244: 'argument': conversion from 'int' to 'T', possible loss of data
C:\Vault\0_Personal\buas\game-practice\buasAssignment\Classes\Mechanics\EnemyController.cpp(33,55): warning C4244:         with
C:\Vault\0_Personal\buas\game-practice\buasAssignment\Classes\Mechanics\EnemyController.cpp(33,55): warning C4244:         [
C:\Vault\0_Personal\buas\game-practice\buasAssignment\Classes\Mechanics\EnemyController.cpp(33,55): warning C4244:             T=float
C:\Vault\0_Personal\buas\game-practice\buasAssignment\Classes\Mechanics\EnemyController.cpp(33,55): warning C4244:         ]
C:\Vault\0_Personal\buas\game-practice\buasAssignment\Classes\Mechanics\EnemyController.cpp(38,60): warning C4244: 'argument': conversion from 'int' to 'T', possible loss of data
C:\Vault\0_Personal\buas\game-practice\buasAssignment\Classes\Mechanics\EnemyController.cpp(38,60): warning C4244:         with
C:\Vault\0_Personal\buas\game-practice\buasAssignment\Classes\Mechanics\EnemyController.cpp(38,60): warning C4244:         [
C:\Vault\0_Personal\buas\game-practice\buasAssignment\Classes\Mechanics\EnemyController.cpp(38,60): warning C4244:             T=float
C:\Vault\0_Personal\buas\game-practice\buasAssignment\Classes\Mechanics\EnemyController.cpp(38,60): warning C4244:         ]
C:\Vault\0_Personal\buas\game-practice\buasAssignment\Classes\Mechanics\EnemyController.cpp(38,50): warning C4244: 'argument': conversion from 'int' to 'T', possible loss of data
C:\Vault\0_Personal\buas\game-practice\buasAssignment\Classes\Mechanics\EnemyController.cpp(38,50): warning C4244:         with
C:\Vault\0_Personal\buas\game-practice\buasAssignment\Classes\Mechanics\EnemyController.cpp(38,50): warning C4244:         [
C:\Vault\0_Personal\buas\game-practice\buasAssignment\Classes\Mechanics\EnemyController.cpp(38,50): warning C4244:             T=float
C:\Vault\0_Personal\buas\game-practice\buasAssignment\Classes\Mechanics\EnemyController.cpp(38,50): warning C4244:         ]
C:\Vault\0_Personal\buas\game-practice\buasAssignment\Classes\Mechanics\EnemyController.cpp(43,61): warning C4244: 'argument': conversion from 'int' to 'T', possible loss of data
C:\Vault\0_Personal\buas\game-practice\buasAssignment\Classes\Mechanics\EnemyController.cpp(43,61): warning C4244:         with
C:\Vault\0_Personal\buas\game-practice\buasAssignment\Classes\Mechanics\EnemyController.cpp(43,61): warning C4244:         [
C:\Vault\0_Personal\buas\game-practice\buasAssignment\Classes\Mechanics\EnemyController.cpp(43,61): warning C4244:             T=float
C:\Vault\0_Personal\buas\game-practice\buasAssignment\Classes\Mechanics\EnemyController.cpp(43,61): warning C4244:         ]
C:\Vault\0_Personal\buas\game-practice\buasAssignment\Classes\Mechanics\EnemyController.cpp(43,41): warning C4244: 'argument': conversion from 'int' to 'T', possible loss of data
C:\Vault\0_Personal\buas\game-practice\buasAssignment\Classes\Mechanics\EnemyController.cpp(43,41): warning C4244:         with
C:\Vault\0_Personal\buas\game-practice\buasAssignment\Classes\Mechanics\EnemyController.cpp(43,41): warning C4244:         [
C:\Vault\0_Personal\buas\game-practice\buasAssignment\Classes\Mechanics\EnemyController.cpp(43,41): warning C4244:             T=float
C:\Vault\0_Personal\buas\game-practice\buasAssignment\Classes\Mechanics\EnemyController.cpp(43,41): warning C4244:         ]
  main.cpp
C:\Vault\0_Personal\buas\game-practice\buasAssignment\main.cpp(71,21): warning C4244: 'initializing': conversion from 'sf::Int32' to 'float', possible loss of data
C:\Vault\0_Personal\buas\game-practice\buasAssignment\main.cpp(121,58): warning C4244: 'argument': conversion from 'int' to 'float', possible loss of data
C:\Vault\0_Personal\buas\game-practice\buasAssignment\main.cpp(121,35): warning C4244: 'argument': conversion from 'int' to 'float', possible loss of data
C:\Vault\0_Personal\buas\game-practice\buasAssignment\main.cpp(206,24): error C2280: 'sf::RenderWindow::RenderWindow(const sf::RenderWindow &)': attempting to reference a deleted function
      C:\Vault\0_Personal\buas\game-practice\buasAssignment\Dependencies\SFML\include\SFML\Graphics\RenderWindow.hpp(198,1):
      compiler has generated 'sf::RenderWindow::RenderWindow' here
      C:\Vault\0_Personal\buas\game-practice\buasAssignment\Dependencies\SFML\include\SFML\Graphics\RenderWindow.hpp(198,1):
      'sf::RenderWindow::RenderWindow(const sf::RenderWindow &)': function was implicitly deleted because a base class invokes a deleted or inaccessible function 'sf::Window::Window(const sf::Window &)'
      C:\Vault\0_Personal\buas\game-practice\buasAssignment\Dependencies\SFML\include\SFML\Window\Window.hpp(282,1):
      'sf::Window::Window(const sf::Window &)': function was implicitly deleted because a base class invokes a deleted or inaccessible function 'sf::WindowBase::WindowBase(const sf::WindowBase &)'
      C:\Vault\0_Personal\buas\game-practice\buasAssignment\Dependencies\SFML\include\SFML\Window\WindowBase.hpp(475,1):
      'sf::WindowBase::WindowBase(const sf::WindowBase &)': function was implicitly deleted because a base class invokes a deleted or inaccessible function 'sf::NonCopyable::NonCopyable(const sf::NonCopyable &)'
  
  Menu.cpp
C:\Vault\0_Personal\buas\game-practice\buasAssignment\Classes\Mechanics\Menu.cpp(17,31): warning C4244: 'argument': conversion from 'int' to 'float', possible loss of data
  Player.cpp
  Projectile.cpp
  Ui.cpp
C:\Vault\0_Personal\buas\game-practice\buasAssignment\Classes\Mechanics\Ui.cpp(15,21): warning C4305: 'argument': truncation from 'double' to 'float'
C:\Vault\0_Personal\buas\game-practice\buasAssignment\Classes\Mechanics\Ui.cpp(15,16): warning C4305: 'argument': truncation from 'double' to 'float'
C:\Vault\0_Personal\buas\game-practice\buasAssignment\Classes\Mechanics\Ui.cpp(28,25): warning C4305: 'argument': truncation from 'double' to 'float'
C:\Vault\0_Personal\buas\game-practice\buasAssignment\Classes\Mechanics\Ui.cpp(28,20): warning C4305: 'argument': truncation from 'double' to 'float'
