c:\vault\0_personal\buas\game-practice\buasassignment\buasassignment\x64\release\vc143.pdb
c:\vault\0_personal\buas\game-practice\buasassignment\buasassignment\x64\release\ui.obj
c:\vault\0_personal\buas\game-practice\buasassignment\buasassignment\x64\release\projectile.obj
c:\vault\0_personal\buas\game-practice\buasassignment\buasassignment\x64\release\player.obj
c:\vault\0_personal\buas\game-practice\buasassignment\buasassignment\x64\release\menu.obj
c:\vault\0_personal\buas\game-practice\buasassignment\buasassignment\x64\release\enemycontroller.obj
c:\vault\0_personal\buas\game-practice\buasassignment\buasassignment\x64\release\enemy.obj
c:\vault\0_personal\buas\game-practice\buasassignment\buasassignment\x64\release\math.obj
c:\vault\0_personal\buas\game-practice\buasassignment\buasassignment\x64\release\main.obj
c:\vault\0_personal\buas\game-practice\buasassignment\x64\release\buasassignment.exe
c:\vault\0_personal\buas\game-practice\buasassignment\x64\release\buasassignment.pdb
c:\vault\0_personal\buas\game-practice\buasassignment\buasassignment\x64\release\buasassignment.ipdb
c:\vault\0_personal\buas\game-practice\buasassignment\buasassignment\x64\release\buasassignment.iobj
c:\vault\0_personal\buas\game-practice\buasassignment\buasassignment\x64\release\buasassignment.tlog\cl.command.1.tlog
c:\vault\0_personal\buas\game-practice\buasassignment\buasassignment\x64\release\buasassignment.tlog\cl.items.tlog
c:\vault\0_personal\buas\game-practice\buasassignment\buasassignment\x64\release\buasassignment.tlog\cl.read.1.tlog
c:\vault\0_personal\buas\game-practice\buasassignment\buasassignment\x64\release\buasassignment.tlog\cl.write.1.tlog
c:\vault\0_personal\buas\game-practice\buasassignment\buasassignment\x64\release\buasassignment.tlog\link.command.1.tlog
c:\vault\0_personal\buas\game-practice\buasassignment\buasassignment\x64\release\buasassignment.tlog\link.read.1.tlog
c:\vault\0_personal\buas\game-practice\buasassignment\buasassignment\x64\release\buasassignment.tlog\link.secondary.1.tlog
c:\vault\0_personal\buas\game-practice\buasassignment\buasassignment\x64\release\buasassignment.tlog\link.write.1.tlog
